Remember that you can report errors and get help in https://github.com/NicoSantangelo/sublime-gulp

03-03-2016 13:52:
C:\Users\marquezjm\AppData\Roaming\Sublime Text 3\Packages\Gulp\write_tasks_to_cache.js:31
        throw ex;
        ^

Error: Cannot find module 'gulp-jade'
    at Function.Module._resolveFilename (module.js:338:15)
    at Function.Module._load (module.js:289:25)
    at Module.require (module.js:366:17)
    at require (module.js:385:17)
    at Object.<anonymous> (C:\Users\marquezjm\Documents\Wunderman\Dev\yesnomaybe-test\.sublime-gulp-tmp.js:2:12)
    at Module._compile (module.js:425:26)
    at Object.Module._extensions..js (module.js:432:10)
    at Module.load (module.js:356:32)
    at Function.Module._load (module.js:313:12)
    at Module.require (module.js:366:17)


03-03-2016 14:11:
C:\Users\marquezjm\AppData\Roaming\Sublime Text 3\Packages\Gulp\write_tasks_to_cache.js:31
        throw ex;
        ^

Error: Cannot find module 'orchestrator'
    at Function.Module._resolveFilename (module.js:338:15)
    at Function.Module._load (module.js:289:25)
    at Module.require (module.js:366:17)
    at require (module.js:385:17)
    at Object.<anonymous> (C:\Users\marquezjm\Documents\Wunderman\Dev\yesnomaybe-test\node_modules\gulp\index.js:4:20)
    at Module._compile (module.js:425:26)
    at Object.Module._extensions..js (module.js:432:10)
    at Module.load (module.js:356:32)
    at Function.Module._load (module.js:313:12)
    at Module.require (module.js:366:17)


03-03-2016 14:11:
C:\Users\marquezjm\AppData\Roaming\Sublime Text 3\Packages\Gulp\write_tasks_to_cache.js:31
        throw ex;
        ^

Error: Cannot find module 'orchestrator'
    at Function.Module._resolveFilename (module.js:338:15)
    at Function.Module._load (module.js:289:25)
    at Module.require (module.js:366:17)
    at require (module.js:385:17)
    at Object.<anonymous> (C:\Users\marquezjm\Documents\Wunderman\Dev\yesnomaybe-test\node_modules\gulp\index.js:4:20)
    at Module._compile (module.js:425:26)
    at Object.Module._extensions..js (module.js:432:10)
    at Module.load (module.js:356:32)
    at Function.Module._load (module.js:313:12)
    at Module.require (module.js:366:17)


03-03-2016 14:27:
C:\Users\marquezjm\AppData\Roaming\Sublime Text 3\Packages\Gulp\write_tasks_to_cache.js:31
        throw ex;
        ^

Error: Cannot find module 'orchestrator'
    at Function.Module._resolveFilename (module.js:325:15)
    at Function.Module._load (module.js:276:25)
    at Module.require (module.js:353:17)
    at require (internal/module.js:12:17)
    at Object.<anonymous> (C:\Users\marquezjm\Documents\Wunderman\Dev\yesnomaybe-test\node_modules\gulp\index.js:4:20)
    at Module._compile (module.js:409:26)
    at Object.Module._extensions..js (module.js:416:10)
    at Module.load (module.js:343:32)
    at Function.Module._load (module.js:300:12)
    at Module.require (module.js:353:17)
